<?xml version="1.0" encoding="utf-8"?><testsuites name="pytest tests"><testsuite name="pytest" errors="0" failures="0" skipped="0" tests="9" time="10.192" timestamp="2026-05-16T11:39:06.749835+00:00" hostname="agent-env-ade4196f-13de-445b-8220-03317fdcb8b4"><testcase classname="backend.tests.test_iteration3" name="test_rate_limit_5_fails_then_429_with_retry_after" time="2.026" /><testcase classname="backend.tests.test_iteration3" name="test_rate_limit_blocks_even_correct_password" time="1.763" /><testcase classname="backend.tests.test_iteration3" name="test_rate_limit_different_email_not_locked" time="0.836" /><testcase classname="backend.tests.test_iteration3" name="test_successful_login_clears_prior_failures" time="2.992" /><testcase classname="backend.tests.test_iteration3" name="test_csv_export_requires_auth" time="0.094" /><testcase classname="backend.tests.test_iteration3" name="test_csv_export_content_and_headers" time="0.531" /><testcase classname="backend.tests.test_iteration3" name="test_enquiry_returns_201_quickly_with_email_disabled" time="0.105" /><testcase classname="backend.tests.test_iteration3" name="test_enquiry_creation_does_not_fail_when_email_disabled" time="0.098" /><testcase classname="backend.tests.test_iteration3" name="test_backend_log_contains_emailer_disabled_line" time="1.600" /></testsuite></testsuites>