<?xml version="1.0" encoding="utf-8"?><testsuites name="pytest tests"><testsuite name="pytest" errors="0" failures="0" skipped="0" tests="24" time="3.199" timestamp="2026-05-16T11:39:22.616032+00:00" hostname="agent-env-ade4196f-13de-445b-8220-03317fdcb8b4"><testcase classname="backend.tests.test_api" name="test_health" time="0.115" /><testcase classname="backend.tests.test_api" name="test_enquiry_missing_required_returns_422" time="0.043" /><testcase classname="backend.tests.test_api" name="test_enquiry_empty_body_returns_422" time="0.040" /><testcase classname="backend.tests.test_api" name="test_enquiry_create_returns_201_with_status_new" time="0.044" /><testcase classname="backend.tests.test_api" name="test_enquiry_minimal_required" time="0.041" /><testcase classname="backend.tests.test_api" name="test_public_enquiries_list_has_status_on_every_item" time="0.047" /><testcase classname="backend.tests.test_api" name="test_login_invalid_credentials_returns_401" time="0.268" /><testcase classname="backend.tests.test_api" name="test_login_valid_returns_token" time="0.271" /><testcase classname="backend.tests.test_api" name="test_login_email_case_insensitive" time="0.265" /><testcase classname="backend.tests.test_api" name="test_me_without_token_returns_401" time="0.054" /><testcase classname="backend.tests.test_api" name="test_me_with_invalid_token_returns_401" time="0.105" /><testcase classname="backend.tests.test_api" name="test_me_with_valid_token_returns_admin" time="0.371" /><testcase classname="backend.tests.test_api" name="test_admin_enquiries_without_token_returns_401" time="0.040" /><testcase classname="backend.tests.test_api" name="test_admin_stats_without_token_returns_401" time="0.041" /><testcase classname="backend.tests.test_api" name="test_admin_list_enquiries" time="0.093" /><testcase classname="backend.tests.test_api" name="test_admin_stats_shape" time="0.048" /><testcase classname="backend.tests.test_api" name="test_admin_patch_status_full_flow" time="0.490" /><testcase classname="backend.tests.test_api" name="test_admin_delete_full_flow" time="0.135" /><testcase classname="backend.tests.test_api" name="test_admin_delete_unknown_returns_404" time="0.045" /><testcase classname="backend.tests.test_api" name="test_admin_user_bcrypt_hash_in_db" time="0.066" /><testcase classname="backend.tests.test_api" name="test_robots_txt" time="0.103" /><testcase classname="backend.tests.test_api" name="test_sitemap_xml" time="0.109" /><testcase classname="backend.tests.test_api" name="test_og_image_served" time="0.162" /><testcase classname="backend.tests.test_api" name="test_index_html_has_og_image_and_twitter_card" time="0.101" /></testsuite></testsuites>